app/seeds.txt
central.stu.fucklegym.SignUp
central.stu.fucklegym.FreeRun
central.stu.fucklegym.MainActivity
central.stu.fucklegym.LoadActivitiresThread: fucklegym.top.entropy.User user
central.stu.fucklegym.InitUserThread: fucklegym.top.entropy.User user
central.stu.fucklegym.SignUp: fucklegym.top.entropy.User user
central.stu.fucklegym.UploadThread: android.app.Activity activity
central.stu.fucklegym.FreeRun: android.os.Handler handler
central.stu.fucklegym.SignThread: android.os.Handler handler
central.stu.fucklegym.InitUserThread: android.app.Activity activity
central.stu.fucklegym.SignThread: java.lang.String name
central.stu.fucklegym.LoadActivitiresThread: android.os.Handler handler
central.stu.fucklegym.SignThread: fucklegym.top.entropy.User user
central.stu.fucklegym.SignUp: android.os.Handler handler
central.stu.fucklegym.SignUp: android.widget.EditText editText
central.stu.fucklegym.SignJump: android.app.Activity cont
central.stu.fucklegym.SignUp$2: central.stu.fucklegym.SignUp this$0
central.stu.fucklegym.SignUp: android.widget.TextView textView
central.stu.fucklegym.FreeRun$1: central.stu.fucklegym.FreeRun this$0
central.stu.fucklegym.FreeRun$1: android.widget.TextView val$restMileage
central.stu.fucklegym.SignUp$1: central.stu.fucklegym.SignUp this$0
central.stu.fucklegym.Jump: android.app.Activity cont
central.stu.fucklegym.UploadThread: fucklegym.top.entropy.User user
central.stu.fucklegym.InitUserThread: android.os.Handler handler
central.stu.fucklegym.FreeRun: fucklegym.top.entropy.User user
central.stu.fucklegym.UploadThread: double tot
central.stu.fucklegym.UploadThread: double effective
central.stu.fucklegym.UploadThread: android.os.Handler handler
central.stu.fucklegym.SignUp$2: void onClick(android.view.View)
central.stu.fucklegym.SignUp$1: void handleMessage(android.os.Message)
central.stu.fucklegym.FreeRun: void forceUpload()
central.stu.fucklegym.FreeRun: void onClick(android.view.View)
central.stu.fucklegym.SignUp$1: SignUp$1(central.stu.fucklegym.SignUp)
central.stu.fucklegym.UploadThread: void run()
central.stu.fucklegym.LoadActivitiresThread: LoadActivitiresThread(fucklegym.top.entropy.User,android.os.Handler)
central.stu.fucklegym.UploadThread: UploadThread(fucklegym.top.entropy.User,double,double,android.app.Activity,android.os.Handler)
central.stu.fucklegym.MainActivity: void jumpFreeRun()
central.stu.fucklegym.SignUp: SignUp()
central.stu.fucklegym.FreeRun: void onCreate(android.os.Bundle)
central.stu.fucklegym.FreeRun$1: void handleMessage(android.os.Message)
central.stu.fucklegym.Jump: Jump(android.app.Activity)
central.stu.fucklegym.Jump: void run()
central.stu.fucklegym.SignJump: void run()
central.stu.fucklegym.SignUp: android.os.Handler access$200(central.stu.fucklegym.SignUp)
central.stu.fucklegym.InitUserThread: InitUserThread(fucklegym.top.entropy.User,android.app.Activity,android.os.Handler)
central.stu.fucklegym.FreeRun: void upload()
central.stu.fucklegym.FreeRun$1: FreeRun$1(central.stu.fucklegym.FreeRun,android.widget.TextView)
central.stu.fucklegym.SignUp: fucklegym.top.entropy.User access$100(central.stu.fucklegym.SignUp)
central.stu.fucklegym.SignUp: android.widget.EditText access$300(central.stu.fucklegym.SignUp)
central.stu.fucklegym.SignUp: void onCreate(android.os.Bundle)
central.stu.fucklegym.FreeRun: FreeRun()
central.stu.fucklegym.SignThread: void run()
central.stu.fucklegym.MainActivity: void onCreate(android.os.Bundle)
central.stu.fucklegym.MainActivity: void jumpSignUp()
central.stu.fucklegym.MainActivity: void onClick(android.view.View)
central.stu.fucklegym.MainActivity: MainActivity()
central.stu.fucklegym.InitUserThread: void run()
central.stu.fucklegym.SignThread: SignThread(fucklegym.top.entropy.User,android.os.Handler,java.lang.String)
central.stu.fucklegym.SignJump: SignJump(android.app.Activity)
central.stu.fucklegym.Encrypter: int encrypt(java.lang.String)
central.stu.fucklegym.SignUp: android.widget.TextView access$000(central.stu.fucklegym.SignUp)
...
androidx.core.widget.NestedScrollView: void onSecondaryPointerUp(android.view.MotionEvent)
androidx.appcompat.widget.SearchView$SavedState$1: androidx.appcompat.widget.SearchView$SavedState createFromParcel(android.os.Parcel,java.lang.ClassLoader)
androidx.core.app.CoreComponentFactory: android.app.Activity instantiateActivity(java.lang.ClassLoader,java.lang.String,android.content.Intent)
androidx.appcompat.app.AppCompatDelegateImpl: boolean isHandleNativeActionModesEnabled()
com.google.android.material.transformation.ExpandableBehavior: int access$000(com.google.android.material.transformation.ExpandableBehavior)
androidx.appcompat.widget.AppCompatTextViewAutoSizeHelper: android.text.StaticLayout createStaticLayoutForMeasuringPre16(java.lang.CharSequence,android.text.Layout$Alignment,int)
com.google.android.material.textfield.IndicatorViewController: void adjustIndicatorPadding()
androidx.core.view.accessibility.AccessibilityNodeInfoCompat: int getChildCount()
androidx.appcompat.widget.Toolbar: void setTitleMarginBottom(int)
androidx.core.widget.NestedScrollView: void setOnScrollChangeListener(androidx.core.widget.NestedScrollView$OnScrollChangeListener)
androidx.transition.FragmentTransitionSupport: java.lang.Object mergeTransitionsInSequence(java.lang.Object,java.lang.Object,java.lang.Object)
androidx.fragment.app.FragmentManagerImpl$EndViewTransitionAnimation: void run()
androidx.recyclerview.widget.RecyclerView$LayoutManager: boolean hasFlexibleChildInBothOrientations()
androidx.appcompat.app.AppCompatDelegateImpl: androidx.appcompat.view.ActionMode startSupportActionModeFromWindow(androidx.appcompat.view.ActionMode$Callback)
androidx.recyclerview.widget.RecyclerView: void offsetPositionRecordsForRemove(int,int,boolean)
com.google.android.material.chip.Chip: java.lang.CharSequence getCloseIconContentDescription()
com.google.android.material.bottomappbar.BottomAppBar: void setFabAnimationMode(int)
androidx.appcompat.widget.ActionBarContainer: boolean onHoverEvent(android.view.MotionEvent)
com.alibaba.fastjson.JSONArray: void add(int,java.lang.Object)
androidx.appcompat.view.menu.MenuDialogHelper: MenuDialogHelper(androidx.appcompat.view.menu.MenuBuilder)
androidx.arch.core.internal.SafeIterableMap: androidx.arch.core.internal.SafeIterableMap$Entry get(java.lang.Object)
com.google.android.material.button.MaterialButtonHelper: android.graphics.drawable.InsetDrawable wrapDrawableWithInset(android.graphics.drawable.Drawable)
androidx.appcompat.view.menu.ListMenuItemView: void adjustListItemSelectionBounds(android.graphics.Rect)
androidx.recyclerview.widget.RecyclerView$LayoutManager: int getDecoratedMeasuredHeight(android.view.View)
androidx.fragment.app.FragmentManagerImpl: boolean isPrimaryNavigation(androidx.fragment.app.Fragment)
com.google.android.material.floatingactionbutton.FloatingActionButton$ShadowDelegateImpl: void setShadowPadding(int,int,int,int)
androidx.appcompat.widget.LinearLayoutCompat: int getNextLocationOffset(android.view.View)
androidx.appcompat.view.menu.SubMenuBuilder: java.lang.String getActionViewStatesKey()
androidx.core.graphics.TypefaceCompatUtil: java.nio.ByteBuffer copyToDirectBuffer(android.content.Context,android.content.res.Resources,int)
androidx.appcompat.view.menu.MenuBuilder: boolean performIdentifierAction(int,int)
com.alibaba.fastjson.serializer.JSONSerializableSerializer: void write(com.alibaba.fastjson.serializer.JSONSerializer,java.lang.Object,java.lang.Object,java.lang.reflect.Type,int)
androidx.coordinatorlayout.widget.CoordinatorLayout: boolean performIntercept(android.view.MotionEvent,int)
com.google.android.material.appbar.HeaderBehavior$FlingRunnable: HeaderBehavior$FlingRunnable(com.google.android.material.appbar.HeaderBehavior,androidx.coordinatorlayout.widget.CoordinatorLayout,android.view.View)
com.alibaba.fastjson.serializer.SerializerFeature: SerializerFeature(java.lang.String,int)