app/mapping.txt
# compiler: R8
# compiler_version: 2.2.71
# min_api: 26
# pg_map_id: c60c00d
# common_typos_disable
central.stu.fucklegym.Encrypter -> b.a.a.a:
    int encrypt(java.lang.String) -> a
central.stu.fucklegym.FreeRun -> central.stu.fucklegym.FreeRun:
    android.os.Handler handler -> u
    fucklegym.top.entropy.User user -> t
    void forceUpload() -> E
    void upload() -> F
central.stu.fucklegym.FreeRun$1 -> central.stu.fucklegym.FreeRun$a:
    android.widget.TextView val$restMileage -> a
    central.stu.fucklegym.FreeRun this$0 -> b
central.stu.fucklegym.InitUserThread -> b.a.a.b:
    android.os.Handler handler -> d
    android.app.Activity activity -> c
    fucklegym.top.entropy.User user -> b
central.stu.fucklegym.Jump -> b.a.a.c:
    android.app.Activity cont -> b
central.stu.fucklegym.LoadActivitiresThread -> b.a.a.d:
    android.os.Handler handler -> c
    fucklegym.top.entropy.User user -> b
central.stu.fucklegym.MainActivity -> central.stu.fucklegym.MainActivity:
    void jumpFreeRun() -> E
    void jumpSignUp() -> F
central.stu.fucklegym.SignJump -> b.a.a.e:
    android.app.Activity cont -> b
central.stu.fucklegym.SignThread -> b.a.a.f:
    android.os.Handler handler -> c
    fucklegym.top.entropy.User user -> b
    java.lang.String name -> d
central.stu.fucklegym.SignUp -> central.stu.fucklegym.SignUp:
    android.widget.EditText editText -> v
    android.os.Handler handler -> w
    fucklegym.top.entropy.User user -> u
    android.widget.TextView textView -> t
    android.widget.TextView access$000(central.stu.fucklegym.SignUp) -> E
    fucklegym.top.entropy.User access$100(central.stu.fucklegym.SignUp) -> F
    android.os.Handler access$200(central.stu.fucklegym.SignUp) -> G
    android.widget.EditText access$300(central.stu.fucklegym.SignUp) -> H
central.stu.fucklegym.SignUp$1 -> central.stu.fucklegym.SignUp$a:
    central.stu.fucklegym.SignUp this$0 -> a
central.stu.fucklegym.SignUp$2 -> central.stu.fucklegym.SignUp$b:
    central.stu.fucklegym.SignUp this$0 -> b
central.stu.fucklegym.UploadThread -> b.a.a.g:
    android.app.Activity activity -> e
    android.os.Handler handler -> f
    double tot -> c
    double effective -> d
    fucklegym.top.entropy.User user -> b
...
com.alibaba.fastjson.JSONPath$PropertySegment -> c.a.a.g$w:
    long propertyNameHash -> b
    java.lang.String propertyName -> a
    boolean deep -> c
    java.lang.Object eval(com.alibaba.fastjson.JSONPath,java.lang.Object,java.lang.Object) -> a
    boolean access$100(com.alibaba.fastjson.JSONPath$PropertySegment) -> b
    java.lang.String access$400(com.alibaba.fastjson.JSONPath$PropertySegment) -> c
com.alibaba.fastjson.JSONPath$RangeSegment -> c.a.a.g$x:
    int end -> b
    int step -> c
    int start -> a
    java.lang.Object eval(com.alibaba.fastjson.JSONPath,java.lang.Object,java.lang.Object) -> a
com.alibaba.fastjson.JSONPath$RefOpSegement -> c.a.a.g$y:
    com.alibaba.fastjson.JSONPath$Segment refSgement -> f
    com.alibaba.fastjson.JSONPath$Operator op -> g
    boolean apply(com.alibaba.fastjson.JSONPath,java.lang.Object,java.lang.Object,java.lang.Object) -> a
com.alibaba.fastjson.JSONPath$RegMatchSegement -> c.a.a.g$z:
    com.alibaba.fastjson.JSONPath$Operator op -> g
    java.util.regex.Pattern pattern -> f
    boolean apply(com.alibaba.fastjson.JSONPath,java.lang.Object,java.lang.Object,java.lang.Object) -> a
com.alibaba.fastjson.JSONPath$RlikeSegement -> c.a.a.g$a0:
    java.util.regex.Pattern pattern -> f
    boolean not -> g
    boolean apply(com.alibaba.fastjson.JSONPath,java.lang.Object,java.lang.Object,java.lang.Object) -> a
com.alibaba.fastjson.JSONPath$Segment -> c.a.a.g$b0:
    java.lang.Object eval(com.alibaba.fastjson.JSONPath,java.lang.Object,java.lang.Object) -> a
com.alibaba.fastjson.JSONPath$SizeSegment -> c.a.a.g$c0:
    com.alibaba.fastjson.JSONPath$SizeSegment instance -> a
    java.lang.Object eval(com.alibaba.fastjson.JSONPath,java.lang.Object,java.lang.Object) -> a
    java.lang.Integer eval(com.alibaba.fastjson.JSONPath,java.lang.Object,java.lang.Object) -> b
com.alibaba.fastjson.JSONPath$StringInSegement -> c.a.a.g$d0:
    boolean not -> g
    java.lang.String[] values -> f
    boolean apply(com.alibaba.fastjson.JSONPath,java.lang.Object,java.lang.Object,java.lang.Object) -> a
com.alibaba.fastjson.JSONPath$StringOpSegement -> c.a.a.g$e0:
    com.alibaba.fastjson.JSONPath$Operator op -> g
    java.lang.String value -> f
    boolean apply(com.alibaba.fastjson.JSONPath,java.lang.Object,java.lang.Object,java.lang.Object) -> a
com.alibaba.fastjson.JSONPath$TypeSegment -> c.a.a.g$f0:
    com.alibaba.fastjson.JSONPath$TypeSegment instance -> a
    java.lang.Object eval(com.alibaba.fastjson.JSONPath,java.lang.Object,java.lang.Object) -> a
    java.lang.String eval(com.alibaba.fastjson.JSONPath,java.lang.Object,java.lang.Object) -> b
com.alibaba.fastjson.JSONPath$ValueSegment -> c.a.a.g$g0:
    java.lang.Object value -> f
    boolean eq -> g
    boolean apply(com.alibaba.fastjson.JSONPath,java.lang.Object,java.lang.Object,java.lang.Object) -> a
com.alibaba.fastjson.JSONPath$WildCardSegment -> c.a.a.g$h0:
    boolean objectOnly -> e
    com.alibaba.fastjson.JSONPath$WildCardSegment instance -> a
    com.alibaba.fastjson.JSONPath$WildCardSegment instance_deep_objectOnly -> c
    com.alibaba.fastjson.JSONPath$WildCardSegment instance_deep -> b
    boolean deep -> d
    java.lang.Object eval(com.alibaba.fastjson.JSONPath,java.lang.Object,java.lang.Object) -> a
com.alibaba.fastjson.JSONPathException -> c.a.a.h:
com.alibaba.fastjson.JSONReader -> c.a.a.i:
    com.alibaba.fastjson.parser.DefaultJSONParser parser -> b
com.alibaba.fastjson.JSONStreamAware -> c.a.a.j:
    void writeJSONString(java.lang.Appendable) -> b
com.alibaba.fastjson.JSONValidator -> c.a.a.k:
    java.lang.Boolean valiateResult -> f
    com.alibaba.fastjson.JSONValidator$Type type -> e
    int count -> g
    boolean supportMultiValue -> h
    char ch -> d
    boolean eof -> b
    int pos -> c
    boolean any() -> a
    void fieldName() -> b
    com.alibaba.fastjson.JSONValidator from(java.lang.String) -> c
    boolean isWhiteSpace(char) -> d
    void next() -> e
    void skipWhiteSpace() -> f
    boolean validate() -> g