app/unused.txt
central.stu.fucklegym.BuildConfig
central.stu.fucklegym.Encrypter:
    public void <init>()
central.stu.fucklegym.FreeRun:
    public static final int UPLOAD_FAIL
    public static final int UPLOAD_SUCCESS
    public static final int WHAT_UPDATE_RESTMILEAGE
central.stu.fucklegym.Jump:
    private static final java.lang.String URL_USERLIST
central.stu.fucklegym.R$anim
central.stu.fucklegym.R$animator
central.stu.fucklegym.R$attr
central.stu.fucklegym.R$bool
central.stu.fucklegym.R$color
central.stu.fucklegym.R$dimen
central.stu.fucklegym.R$drawable
central.stu.fucklegym.R$id
central.stu.fucklegym.R$integer
central.stu.fucklegym.R$interpolator
central.stu.fucklegym.R$layout
central.stu.fucklegym.R$mipmap
central.stu.fucklegym.R$plurals
central.stu.fucklegym.R$string
central.stu.fucklegym.R$style
central.stu.fucklegym.R$styleable
central.stu.fucklegym.R$xml
central.stu.fucklegym.R
central.stu.fucklegym.SignJump:
    private static final java.lang.String URL_USERLIST
central.stu.fucklegym.SignUp:
    public static final int ACTIVITYDOESNOTEXIST
    public static final int GETACTIVITIES
    public static final int UPLOADFAIL
    public static final int UPLOADSUCCESS
    private java.util.HashMap activities
...
androidx.fragment.app.FragmentActivity$HostCallbacks:
    public void onRequestPermissionsFromFragment(androidx.fragment.app.Fragment,java.lang.String[],int)
    public boolean onShouldShowRequestPermissionRationale(java.lang.String)
    public void onStartActivityFromFragment(androidx.fragment.app.Fragment,android.content.Intent,int)
    public void onStartActivityFromFragment(androidx.fragment.app.Fragment,android.content.Intent,int,android.os.Bundle)
    public void onStartIntentSenderFromFragment(androidx.fragment.app.Fragment,android.content.IntentSender,int,android.content.Intent,int,int,int,android.os.Bundle)
androidx.fragment.app.FragmentActivity:
    static final java.lang.String ALLOCATED_REQUEST_INDICIES_TAG
    static final java.lang.String FRAGMENTS_TAG
    static final int MAX_NUM_PENDING_FRAGMENT_ACTIVITY_RESULTS
    static final java.lang.String NEXT_CANDIDATE_REQUEST_INDEX_TAG
    static final java.lang.String REQUEST_FRAGMENT_WHO_TAG
    private static final java.lang.String TAG
    boolean mRequestedPermissionsFromFragment
    public void <init>(int)
    private int allocateRequestIndex(androidx.fragment.app.Fragment)
    public androidx.loader.app.LoaderManager getSupportLoaderManager()
    void requestPermissionsFromFragment(androidx.fragment.app.Fragment,java.lang.String[],int)
    public void setEnterSharedElementCallback(androidx.core.app.SharedElementCallback)
    public void setExitSharedElementCallback(androidx.core.app.SharedElementCallback)
    public void startActivityFromFragment(androidx.fragment.app.Fragment,android.content.Intent,int)
    public void startActivityFromFragment(androidx.fragment.app.Fragment,android.content.Intent,int,android.os.Bundle)
    public void startIntentSenderFromFragment(androidx.fragment.app.Fragment,android.content.IntentSender,int,android.content.Intent,int,int,int,android.os.Bundle)
    public void supportFinishAfterTransition()
    public void supportPostponeEnterTransition()
    public void supportStartPostponedEnterTransition()
    public final void validateRequestPermissionsRequestCode(int)
androidx.fragment.app.FragmentController:
    public void dispatchDestroyView()
    public void dispatchReallyStop()
    public void doLoaderDestroy()
    public void doLoaderRetain()
    public void doLoaderStart()
    public void doLoaderStop(boolean)
    public void dumpLoaders(java.lang.String,java.io.FileDescriptor,java.io.PrintWriter,java.lang.String[])
    public java.util.List getActiveFragments(java.util.List)
    public int getActiveFragmentsCount()
    public androidx.loader.app.LoaderManager getSupportLoaderManager()
    public void reportLoaderStart()
    public void restoreAllState(android.os.Parcelable,androidx.fragment.app.FragmentManagerNonConfig)
    public void restoreAllState(android.os.Parcelable,java.util.List)
    public void restoreLoaderNonConfig(androidx.collection.SimpleArrayMap)
    public androidx.collection.SimpleArrayMap retainLoaderNonConfig()
    public androidx.fragment.app.FragmentManagerNonConfig retainNestedNonConfig()
    public java.util.List retainNonConfig()
androidx.fragment.app.FragmentHostCallback:
    public void <init>(android.content.Context,android.os.Handler,int)
    public void onRequestPermissionsFromFragment(androidx.fragment.app.Fragment,java.lang.String[],int)
    public boolean onShouldShowRequestPermissionRationale(java.lang.String)
    public void onStartActivityFromFragment(androidx.fragment.app.Fragment,android.content.Intent,int)
    public void onStartActivityFromFragment(androidx.fragment.app.Fragment,android.content.Intent,int,android.os.Bundle)
    public void onStartIntentSenderFromFragment(androidx.fragment.app.Fragment,android.content.IntentSender,int,android.content.Intent,int,int,int,android.os.Bundle)
androidx.fragment.app.FragmentManager$BackStackEntry
androidx.fragment.app.FragmentManager$FragmentLifecycleCallbacks:
    public void <init>()